C:\Users\dovsav\Documents\GitHub\Tetris\TetrisGame\tetris-front\dist\out-tsc\e2e\src\app.po.js
C:\Users\dovsav\Documents\GitHub\Tetris\TetrisGame\tetris-front\dist\out-tsc\e2e\src\app.po.js.map
C:\Users\dovsav\Documents\GitHub\Tetris\TetrisGame\tetris-front\dist\out-tsc\e2e\src\app.e2e-spec.js
C:\Users\dovsav\Documents\GitHub\Tetris\TetrisGame\tetris-front\dist\out-tsc\e2e\src\app.e2e-spec.js.map
C:\Users\dovsav\Documents\GitHub\Tetris\TetrisGame\tetris-front\dist\out-tsc\src\app\user\player.js
C:\Users\dovsav\Documents\GitHub\Tetris\TetrisGame\tetris-front\dist\out-tsc\src\app\user\player.js.map
C:\Users\dovsav\Documents\GitHub\Tetris\TetrisGame\tetris-front\dist\out-tsc\src\environments\environment.js
C:\Users\dovsav\Documents\GitHub\Tetris\TetrisGame\tetris-front\dist\out-tsc\src\environments\environment.js.map
C:\Users\dovsav\Documents\GitHub\Tetris\TetrisGame\tetris-front\dist\out-tsc\src\app\shared\interfaces.js
C:\Users\dovsav\Documents\GitHub\Tetris\TetrisGame\tetris-front\dist\out-tsc\src\app\shared\interfaces.js.map
C:\Users\dovsav\Documents\GitHub\Tetris\TetrisGame\tetris-front\dist\out-tsc\src\app\services\connection.service.js
C:\Users\dovsav\Documents\GitHub\Tetris\TetrisGame\tetris-front\dist\out-tsc\src\app\services\connection.service.js.map
C:\Users\dovsav\Documents\GitHub\Tetris\TetrisGame\tetris-front\dist\out-tsc\src\app\Dto\PieceDto.js
C:\Users\dovsav\Documents\GitHub\Tetris\TetrisGame\tetris-front\dist\out-tsc\src\app\Dto\PieceDto.js.map
C:\Users\dovsav\Documents\GitHub\Tetris\TetrisGame\tetris-front\dist\out-tsc\src\app\shared\constants.js
C:\Users\dovsav\Documents\GitHub\Tetris\TetrisGame\tetris-front\dist\out-tsc\src\app\shared\constants.js.map
C:\Users\dovsav\Documents\GitHub\Tetris\TetrisGame\tetris-front\dist\out-tsc\src\app\models\board.js
C:\Users\dovsav\Documents\GitHub\Tetris\TetrisGame\tetris-front\dist\out-tsc\src\app\models\board.js.map
C:\Users\dovsav\Documents\GitHub\Tetris\TetrisGame\tetris-front\dist\out-tsc\src\app\models\SpecialPiece.js
C:\Users\dovsav\Documents\GitHub\Tetris\TetrisGame\tetris-front\dist\out-tsc\src\app\models\SpecialPiece.js.map
C:\Users\dovsav\Documents\GitHub\Tetris\TetrisGame\tetris-front\dist\out-tsc\src\app\services\board.service.js
C:\Users\dovsav\Documents\GitHub\Tetris\TetrisGame\tetris-front\dist\out-tsc\src\app\services\board.service.js.map
C:\Users\dovsav\Documents\GitHub\Tetris\TetrisGame\tetris-front\dist\out-tsc\src\app\services\user.service.js
C:\Users\dovsav\Documents\GitHub\Tetris\TetrisGame\tetris-front\dist\out-tsc\src\app\services\user.service.js.map
C:\Users\dovsav\Documents\GitHub\Tetris\TetrisGame\tetris-front\dist\out-tsc\src\app\game\game.component.js
C:\Users\dovsav\Documents\GitHub\Tetris\TetrisGame\tetris-front\dist\out-tsc\src\app\game\game.component.js.map
C:\Users\dovsav\Documents\GitHub\Tetris\TetrisGame\tetris-front\dist\out-tsc\src\app\shared\user.js
C:\Users\dovsav\Documents\GitHub\Tetris\TetrisGame\tetris-front\dist\out-tsc\src\app\shared\user.js.map
C:\Users\dovsav\Documents\GitHub\Tetris\TetrisGame\tetris-front\dist\out-tsc\src\app\user\login\login.component.js
C:\Users\dovsav\Documents\GitHub\Tetris\TetrisGame\tetris-front\dist\out-tsc\src\app\user\login\login.component.js.map
C:\Users\dovsav\Documents\GitHub\Tetris\TetrisGame\tetris-front\dist\out-tsc\src\app\user\user.component.js
C:\Users\dovsav\Documents\GitHub\Tetris\TetrisGame\tetris-front\dist\out-tsc\src\app\user\user.component.js.map
C:\Users\dovsav\Documents\GitHub\Tetris\TetrisGame\tetris-front\dist\out-tsc\src\app\user\registration\registration.component.js
C:\Users\dovsav\Documents\GitHub\Tetris\TetrisGame\tetris-front\dist\out-tsc\src\app\user\registration\registration.component.js.map
C:\Users\dovsav\Documents\GitHub\Tetris\TetrisGame\tetris-front\dist\out-tsc\src\app\app-routing.module.js
C:\Users\dovsav\Documents\GitHub\Tetris\TetrisGame\tetris-front\dist\out-tsc\src\app\app-routing.module.js.map
C:\Users\dovsav\Documents\GitHub\Tetris\TetrisGame\tetris-front\dist\out-tsc\src\app\app.component.js
C:\Users\dovsav\Documents\GitHub\Tetris\TetrisGame\tetris-front\dist\out-tsc\src\app\app.component.js.map
C:\Users\dovsav\Documents\GitHub\Tetris\TetrisGame\tetris-front\dist\out-tsc\src\app\Dto\MessageDto.js
C:\Users\dovsav\Documents\GitHub\Tetris\TetrisGame\tetris-front\dist\out-tsc\src\app\Dto\MessageDto.js.map
C:\Users\dovsav\Documents\GitHub\Tetris\TetrisGame\tetris-front\dist\out-tsc\src\app\models\gameBot.js
C:\Users\dovsav\Documents\GitHub\Tetris\TetrisGame\tetris-front\dist\out-tsc\src\app\models\gameBot.js.map
C:\Users\dovsav\Documents\GitHub\Tetris\TetrisGame\tetris-front\dist\out-tsc\src\app\services\chat.service.js
C:\Users\dovsav\Documents\GitHub\Tetris\TetrisGame\tetris-front\dist\out-tsc\src\app\services\chat.service.js.map
C:\Users\dovsav\Documents\GitHub\Tetris\TetrisGame\tetris-front\dist\out-tsc\src\app\chat\chat.component.js
C:\Users\dovsav\Documents\GitHub\Tetris\TetrisGame\tetris-front\dist\out-tsc\src\app\chat\chat.component.js.map
C:\Users\dovsav\Documents\GitHub\Tetris\TetrisGame\tetris-front\dist\out-tsc\src\app\piecesAbstractFactory\abstractFactory.js
C:\Users\dovsav\Documents\GitHub\Tetris\TetrisGame\tetris-front\dist\out-tsc\src\app\piecesAbstractFactory\abstractFactory.js.map
C:\Users\dovsav\Documents\GitHub\Tetris\TetrisGame\tetris-front\dist\out-tsc\src\app\models\piece.js
C:\Users\dovsav\Documents\GitHub\Tetris\TetrisGame\tetris-front\dist\out-tsc\src\app\models\piece.js.map
C:\Users\dovsav\Documents\GitHub\Tetris\TetrisGame\tetris-front\dist\out-tsc\src\app\models\time.js
C:\Users\dovsav\Documents\GitHub\Tetris\TetrisGame\tetris-front\dist\out-tsc\src\app\models\time.js.map
C:\Users\dovsav\Documents\GitHub\Tetris\TetrisGame\tetris-front\dist\out-tsc\src\app\shared\points.js
C:\Users\dovsav\Documents\GitHub\Tetris\TetrisGame\tetris-front\dist\out-tsc\src\app\shared\points.js.map
C:\Users\dovsav\Documents\GitHub\Tetris\TetrisGame\tetris-front\dist\out-tsc\src\app\Strategy\strategy.js
C:\Users\dovsav\Documents\GitHub\Tetris\TetrisGame\tetris-front\dist\out-tsc\src\app\Strategy\strategy.js.map
C:\Users\dovsav\Documents\GitHub\Tetris\TetrisGame\tetris-front\dist\out-tsc\src\app\Builder\builder.js
C:\Users\dovsav\Documents\GitHub\Tetris\TetrisGame\tetris-front\dist\out-tsc\src\app\Builder\builder.js.map
C:\Users\dovsav\Documents\GitHub\Tetris\TetrisGame\tetris-front\dist\out-tsc\src\app\game\board\board.component.js
C:\Users\dovsav\Documents\GitHub\Tetris\TetrisGame\tetris-front\dist\out-tsc\src\app\game\board\board.component.js.map
C:\Users\dovsav\Documents\GitHub\Tetris\TetrisGame\tetris-front\dist\out-tsc\src\app\game\oponent-board\oponent-board.component.js
C:\Users\dovsav\Documents\GitHub\Tetris\TetrisGame\tetris-front\dist\out-tsc\src\app\game\oponent-board\oponent-board.component.js.map
C:\Users\dovsav\Documents\GitHub\Tetris\TetrisGame\tetris-front\dist\out-tsc\src\app\shared\navbar\navbar.component.js
C:\Users\dovsav\Documents\GitHub\Tetris\TetrisGame\tetris-front\dist\out-tsc\src\app\shared\navbar\navbar.component.js.map
C:\Users\dovsav\Documents\GitHub\Tetris\TetrisGame\tetris-front\dist\out-tsc\src\app\app.module.js
C:\Users\dovsav\Documents\GitHub\Tetris\TetrisGame\tetris-front\dist\out-tsc\src\app\app.module.js.map
C:\Users\dovsav\Documents\GitHub\Tetris\TetrisGame\tetris-front\dist\out-tsc\src\main.js
C:\Users\dovsav\Documents\GitHub\Tetris\TetrisGame\tetris-front\dist\out-tsc\src\main.js.map
C:\Users\dovsav\Documents\GitHub\Tetris\TetrisGame\tetris-front\dist\out-tsc\src\polyfills.js
C:\Users\dovsav\Documents\GitHub\Tetris\TetrisGame\tetris-front\dist\out-tsc\src\polyfills.js.map
C:\Users\dovsav\Documents\GitHub\Tetris\TetrisGame\tetris-front\dist\out-tsc\src\test.js
C:\Users\dovsav\Documents\GitHub\Tetris\TetrisGame\tetris-front\dist\out-tsc\src\test.js.map
C:\Users\dovsav\Documents\GitHub\Tetris\TetrisGame\tetris-front\dist\out-tsc\src\app\app.component.spec.js
C:\Users\dovsav\Documents\GitHub\Tetris\TetrisGame\tetris-front\dist\out-tsc\src\app\app.component.spec.js.map
C:\Users\dovsav\Documents\GitHub\Tetris\TetrisGame\tetris-front\dist\out-tsc\src\app\chat\chat.component.spec.js
C:\Users\dovsav\Documents\GitHub\Tetris\TetrisGame\tetris-front\dist\out-tsc\src\app\chat\chat.component.spec.js.map
C:\Users\dovsav\Documents\GitHub\Tetris\TetrisGame\tetris-front\dist\out-tsc\src\app\game\game.component.spec.js
C:\Users\dovsav\Documents\GitHub\Tetris\TetrisGame\tetris-front\dist\out-tsc\src\app\game\game.component.spec.js.map
C:\Users\dovsav\Documents\GitHub\Tetris\TetrisGame\tetris-front\dist\out-tsc\src\app\game\board\board.component.spec.js
C:\Users\dovsav\Documents\GitHub\Tetris\TetrisGame\tetris-front\dist\out-tsc\src\app\game\board\board.component.spec.js.map
C:\Users\dovsav\Documents\GitHub\Tetris\TetrisGame\tetris-front\dist\out-tsc\src\app\game\oponent-board\oponent-board.component.spec.js
C:\Users\dovsav\Documents\GitHub\Tetris\TetrisGame\tetris-front\dist\out-tsc\src\app\game\oponent-board\oponent-board.component.spec.js.map
C:\Users\dovsav\Documents\GitHub\Tetris\TetrisGame\tetris-front\dist\out-tsc\src\app\services\board.service.spec.js
C:\Users\dovsav\Documents\GitHub\Tetris\TetrisGame\tetris-front\dist\out-tsc\src\app\services\board.service.spec.js.map
C:\Users\dovsav\Documents\GitHub\Tetris\TetrisGame\tetris-front\dist\out-tsc\src\app\services\chat.service.spec.js
C:\Users\dovsav\Documents\GitHub\Tetris\TetrisGame\tetris-front\dist\out-tsc\src\app\services\chat.service.spec.js.map
C:\Users\dovsav\Documents\GitHub\Tetris\TetrisGame\tetris-front\dist\out-tsc\src\app\services\connection.service.spec.js
C:\Users\dovsav\Documents\GitHub\Tetris\TetrisGame\tetris-front\dist\out-tsc\src\app\services\connection.service.spec.js.map
C:\Users\dovsav\Documents\GitHub\Tetris\TetrisGame\tetris-front\dist\out-tsc\src\app\services\user.service.spec.js
C:\Users\dovsav\Documents\GitHub\Tetris\TetrisGame\tetris-front\dist\out-tsc\src\app\services\user.service.spec.js.map
C:\Users\dovsav\Documents\GitHub\Tetris\TetrisGame\tetris-front\dist\out-tsc\src\app\shared\navbar\navbar.component.spec.js
C:\Users\dovsav\Documents\GitHub\Tetris\TetrisGame\tetris-front\dist\out-tsc\src\app\shared\navbar\navbar.component.spec.js.map
C:\Users\dovsav\Documents\GitHub\Tetris\TetrisGame\tetris-front\dist\out-tsc\src\app\user\player.spec.js
C:\Users\dovsav\Documents\GitHub\Tetris\TetrisGame\tetris-front\dist\out-tsc\src\app\user\player.spec.js.map
C:\Users\dovsav\Documents\GitHub\Tetris\TetrisGame\tetris-front\dist\out-tsc\src\app\user\user.component.spec.js
C:\Users\dovsav\Documents\GitHub\Tetris\TetrisGame\tetris-front\dist\out-tsc\src\app\user\user.component.spec.js.map
C:\Users\dovsav\Documents\GitHub\Tetris\TetrisGame\tetris-front\dist\out-tsc\src\app\user\login\login.component.spec.js
C:\Users\dovsav\Documents\GitHub\Tetris\TetrisGame\tetris-front\dist\out-tsc\src\app\user\login\login.component.spec.js.map
C:\Users\dovsav\Documents\GitHub\Tetris\TetrisGame\tetris-front\dist\out-tsc\src\app\user\registration\registration.component.spec.js
C:\Users\dovsav\Documents\GitHub\Tetris\TetrisGame\tetris-front\dist\out-tsc\src\app\user\registration\registration.component.spec.js.map
C:\Users\dovsav\Documents\GitHub\Tetris\TetrisGame\tetris-front\dist\out-tsc\src\environments\environment.prod.js
C:\Users\dovsav\Documents\GitHub\Tetris\TetrisGame\tetris-front\dist\out-tsc\src\environments\environment.prod.js.map
