C:\Users\Paulius\source\repos\TetrisGame\TetrisGame\tetris-front\dist\out-tsc\e2e\src\app.po.js
C:\Users\Paulius\source\repos\TetrisGame\TetrisGame\tetris-front\dist\out-tsc\e2e\src\app.po.js.map
C:\Users\Paulius\source\repos\TetrisGame\TetrisGame\tetris-front\dist\out-tsc\e2e\src\app.e2e-spec.js
C:\Users\Paulius\source\repos\TetrisGame\TetrisGame\tetris-front\dist\out-tsc\e2e\src\app.e2e-spec.js.map
C:\Users\Paulius\source\repos\TetrisGame\TetrisGame\tetris-front\dist\out-tsc\src\app\app.component.js
C:\Users\Paulius\source\repos\TetrisGame\TetrisGame\tetris-front\dist\out-tsc\src\app\app.component.js.map
C:\Users\Paulius\source\repos\TetrisGame\TetrisGame\tetris-front\dist\out-tsc\src\app\Dto\MessageDto.js
C:\Users\Paulius\source\repos\TetrisGame\TetrisGame\tetris-front\dist\out-tsc\src\app\Dto\MessageDto.js.map
C:\Users\Paulius\source\repos\TetrisGame\TetrisGame\tetris-front\dist\out-tsc\src\app\services\connection.service.js
C:\Users\Paulius\source\repos\TetrisGame\TetrisGame\tetris-front\dist\out-tsc\src\app\services\connection.service.js.map
C:\Users\Paulius\source\repos\TetrisGame\TetrisGame\tetris-front\dist\out-tsc\src\app\services\chat.service.js
C:\Users\Paulius\source\repos\TetrisGame\TetrisGame\tetris-front\dist\out-tsc\src\app\services\chat.service.js.map
C:\Users\Paulius\source\repos\TetrisGame\TetrisGame\tetris-front\dist\out-tsc\src\app\chat\chat.component.js
C:\Users\Paulius\source\repos\TetrisGame\TetrisGame\tetris-front\dist\out-tsc\src\app\chat\chat.component.js.map
C:\Users\Paulius\source\repos\TetrisGame\TetrisGame\tetris-front\dist\out-tsc\src\app\shared\interfaces.js
C:\Users\Paulius\source\repos\TetrisGame\TetrisGame\tetris-front\dist\out-tsc\src\app\shared\interfaces.js.map
C:\Users\Paulius\source\repos\TetrisGame\TetrisGame\tetris-front\dist\out-tsc\src\app\Dto\PieceDto.js
C:\Users\Paulius\source\repos\TetrisGame\TetrisGame\tetris-front\dist\out-tsc\src\app\Dto\PieceDto.js.map
C:\Users\Paulius\source\repos\TetrisGame\TetrisGame\tetris-front\dist\out-tsc\src\app\shared\constants.js
C:\Users\Paulius\source\repos\TetrisGame\TetrisGame\tetris-front\dist\out-tsc\src\app\shared\constants.js.map
C:\Users\Paulius\source\repos\TetrisGame\TetrisGame\tetris-front\dist\out-tsc\src\app\services\board.service.js
C:\Users\Paulius\source\repos\TetrisGame\TetrisGame\tetris-front\dist\out-tsc\src\app\services\board.service.js.map
C:\Users\Paulius\source\repos\TetrisGame\TetrisGame\tetris-front\dist\out-tsc\src\app\board\board.component.js
C:\Users\Paulius\source\repos\TetrisGame\TetrisGame\tetris-front\dist\out-tsc\src\app\board\board.component.js.map
C:\Users\Paulius\source\repos\TetrisGame\TetrisGame\tetris-front\dist\out-tsc\src\app\oponent-board\oponent-board.component.js
C:\Users\Paulius\source\repos\TetrisGame\TetrisGame\tetris-front\dist\out-tsc\src\app\oponent-board\oponent-board.component.js.map
C:\Users\Paulius\source\repos\TetrisGame\TetrisGame\tetris-front\dist\out-tsc\src\app\app.module.js
C:\Users\Paulius\source\repos\TetrisGame\TetrisGame\tetris-front\dist\out-tsc\src\app\app.module.js.map
C:\Users\Paulius\source\repos\TetrisGame\TetrisGame\tetris-front\dist\out-tsc\src\environments\environment.js
C:\Users\Paulius\source\repos\TetrisGame\TetrisGame\tetris-front\dist\out-tsc\src\environments\environment.js.map
C:\Users\Paulius\source\repos\TetrisGame\TetrisGame\tetris-front\dist\out-tsc\src\main.js
C:\Users\Paulius\source\repos\TetrisGame\TetrisGame\tetris-front\dist\out-tsc\src\main.js.map
C:\Users\Paulius\source\repos\TetrisGame\TetrisGame\tetris-front\dist\out-tsc\src\polyfills.js
C:\Users\Paulius\source\repos\TetrisGame\TetrisGame\tetris-front\dist\out-tsc\src\polyfills.js.map
C:\Users\Paulius\source\repos\TetrisGame\TetrisGame\tetris-front\dist\out-tsc\src\test.js
C:\Users\Paulius\source\repos\TetrisGame\TetrisGame\tetris-front\dist\out-tsc\src\test.js.map
C:\Users\Paulius\source\repos\TetrisGame\TetrisGame\tetris-front\dist\out-tsc\src\app\app.component.spec.js
C:\Users\Paulius\source\repos\TetrisGame\TetrisGame\tetris-front\dist\out-tsc\src\app\app.component.spec.js.map
C:\Users\Paulius\source\repos\TetrisGame\TetrisGame\tetris-front\dist\out-tsc\src\app\board\board.component.spec.js
C:\Users\Paulius\source\repos\TetrisGame\TetrisGame\tetris-front\dist\out-tsc\src\app\board\board.component.spec.js.map
C:\Users\Paulius\source\repos\TetrisGame\TetrisGame\tetris-front\dist\out-tsc\src\app\chat\chat.component.spec.js
C:\Users\Paulius\source\repos\TetrisGame\TetrisGame\tetris-front\dist\out-tsc\src\app\chat\chat.component.spec.js.map
C:\Users\Paulius\source\repos\TetrisGame\TetrisGame\tetris-front\dist\out-tsc\src\app\oponent-board\oponent-board.component.spec.js
C:\Users\Paulius\source\repos\TetrisGame\TetrisGame\tetris-front\dist\out-tsc\src\app\oponent-board\oponent-board.component.spec.js.map
C:\Users\Paulius\source\repos\TetrisGame\TetrisGame\tetris-front\dist\out-tsc\src\app\services\board.service.spec.js
C:\Users\Paulius\source\repos\TetrisGame\TetrisGame\tetris-front\dist\out-tsc\src\app\services\board.service.spec.js.map
C:\Users\Paulius\source\repos\TetrisGame\TetrisGame\tetris-front\dist\out-tsc\src\app\services\chat.service.spec.js
C:\Users\Paulius\source\repos\TetrisGame\TetrisGame\tetris-front\dist\out-tsc\src\app\services\chat.service.spec.js.map
C:\Users\Paulius\source\repos\TetrisGame\TetrisGame\tetris-front\dist\out-tsc\src\app\services\connection.service.spec.js
C:\Users\Paulius\source\repos\TetrisGame\TetrisGame\tetris-front\dist\out-tsc\src\app\services\connection.service.spec.js.map
C:\Users\Paulius\source\repos\TetrisGame\TetrisGame\tetris-front\dist\out-tsc\src\environments\environment.prod.js
C:\Users\Paulius\source\repos\TetrisGame\TetrisGame\tetris-front\dist\out-tsc\src\environments\environment.prod.js.map
